C51 COMPILER V9.60.7.0   UART                                                              07/02/2024 00:38:29 PAGE 1   


C51 COMPILER V9.60.7.0, COMPILATION OF MODULE UART
OBJECT MODULE PLACED IN .\Objects\UART.obj
COMPILER INVOKED BY: D:\study\embedded\program\c51\C51\BIN\C51.EXE UART.c OPTIMIZE(8,SPEED) BROWSE DEBUG OBJECTEXTEND PR
                    -INT(.\Listings\UART.lst) OBJECT(.\Objects\UART.obj)

line level    source

   1          #include <REGX52.H>
   2          
   3          void Uart1_Init(void)   //4800bps@11.0592MHz
   4          {
   5   1              PCON &= 0x7F;           //波特率不倍速
   6   1              SCON = 0x50;            //8位数据,可变波特率
   7   1              // AUXR &= 0xBF;                //定时器时钟12T模式
   8   1              // AUXR &= 0xFE;                //串口1选择定时器1为波特率发生器
   9   1              TMOD &= 0x0F;           //设置定时器模式
  10   1              TMOD |= 0x20;           //设置定时器模式
  11   1              TL1 = 0xFA;                     //设置定时初始值
  12   1              TH1 = 0xFA;                     //设置定时重载值
  13   1              ET1 = 0;                        //禁止定时器中断
  14   1              TR1 = 1;                        //定时器1开始计时
  15   1      }
  16          
  17          void Uart_SendByte(unsigned char byte){
  18   1              // 单片机发送数据
  19   1              SBUF = byte;
  20   1              while(TI==0){}
  21   1              TI = 0;
  22   1      }


MODULE INFORMATION:   STATIC OVERLAYABLE
   CODE SIZE        =     31    ----
   CONSTANT SIZE    =   ----    ----
   XDATA SIZE       =   ----    ----
   PDATA SIZE       =   ----    ----
   DATA SIZE        =   ----    ----
   IDATA SIZE       =   ----    ----
   BIT SIZE         =   ----    ----
END OF MODULE INFORMATION.


C51 COMPILATION COMPLETE.  0 WARNING(S),  0 ERROR(S)
