C51 COMPILER V9.60.7.0   MAIN                                                              07/01/2024 14:20:31 PAGE 1   


C51 COMPILER V9.60.7.0, COMPILATION OF MODULE MAIN
OBJECT MODULE PLACED IN .\Objects\main.obj
COMPILER INVOKED BY: D:\study\embedded\program\c51\C51\BIN\C51.EXE main.c OPTIMIZE(8,SPEED) BROWSE DEBUG OBJECTEXTEND PR
                    -INT(.\Listings\main.lst) OBJECT(.\Objects\main.obj)

line level    source

   1          #include <REGX52.H>
   2          #include "Timer0.h"
   3          #include "key.h"
   4          #include <INTRINS.h>  // 函数库，使用定义好的循环移位函数
   5          
   6          //void Timer0_init(){
   7          //      // 不可位寻址  -- 只能整体赋值
   8          //      // 这里不能直接写TMOD = 0x01 这样影响其他的定时器，有以下两种方式
   9          //      // TMOD |= 0x01;  // 0000 0001 定时器工作在模式0，使用或运算保持高四位不变
  10          //      TMOD &= 0xF0;  // 低四位清零，高四位不变
  11          //      TMOD |= 0x01;  // 最低位置为1，其余位保持不变
  12          //      
  13          //      // 可位寻址  --  可以为每一位单独赋值
  14          //      // 这里配置TCON
  15          //      TF0 = 0;  // 中断标志
  16          //      TR0 = 1;  // 定时器T0运行控制位
  17          //      // 计数器记数0-65535 每个一微秒计数器加一  总记数时间65535us  65ms
  18          //      // 因此要计时一秒，需要进行一些设置修改
  19          //      // 64535 到 65535 溢出差值为1000us -- 1ms，这样可以产生1ms计时
  20          //      TH0 = 64535 / 256;  // 高位  取出高八位
  21          //      TL0 = 64535 % 256;  // 低位  取出低八位
  22          //      
  23          //      // 配置中断
  24          //      ET0 = 1;
  25          //      EA = 1;
  26          //      PT0 = 0;
  27          //      
  28          
  29          //}
  30          
  31          unsigned char keyNum, LEDMode;
  32          
  33          
  34          void main(){
  35   1              // 初始化定时器
  36   1              Timer0_init();
*** WARNING C206 IN LINE 36 OF main.c: 'Timer0_init': missing function-prototype
  37   1              P2 = 0xFE;  // 点亮最低位LED
  38   1              while(1){
  39   2                      keyNum = Key();  // 获取独立按键键码
  40   2                      
  41   2                      if (keyNum == 1){
  42   3                              LEDMode++;
  43   3                              if (LEDMode >= 2) LEDMode=0;  // 移位模式
  44   3                      }
  45   2      //              switch (keyNum){
  46   2      //                      case 1: 
  47   2      //                              P2_0 = ~P2_0; 
  48   2      //                              break;
  49   2      //                      case 2: P2_1 = ~P2_1; break;
  50   2      //                      case 3: P2_2 = ~P2_2; break;
  51   2      //                      case 4: P2_3 = ~P2_3; break;
  52   2      //              }
  53   2              
C51 COMPILER V9.60.7.0   MAIN                                                              07/01/2024 14:20:31 PAGE 2   

  54   2              }
  55   1      
  56   1      
  57   1      }
  58          
  59          // 定时器0的中断函数
  60          void Timer0_Routine(void) interrupt 1{
  61   1              // 这里一毫秒跳转到中断
  62   1              static unsigned int T0Count;  // 使用static，函数执行结束不清零，静态局部变量
  63   1              
  64   1              // 重置一毫秒
  65   1              TL0 = 0x66;                             //设置定时初始值
  66   1              TH0 = 0xFC;                             //设置定时初始值
  67   1              T0Count++;
  68   1              
  69   1              // 这里实现循环移位
  70   1              if (T0Count >= 500){
  71   2                      T0Count = 0;
  72   2                      if (LEDMode == 0) P2 = _crol_(P2, 1);
  73   2                      else P2 = _cror_(P2, 1);
  74   2              }
  75   1      }  


MODULE INFORMATION:   STATIC OVERLAYABLE
   CODE SIZE        =    111    ----
   CONSTANT SIZE    =   ----    ----
   XDATA SIZE       =   ----    ----
   PDATA SIZE       =   ----    ----
   DATA SIZE        =      4    ----
   IDATA SIZE       =   ----    ----
   BIT SIZE         =   ----    ----
END OF MODULE INFORMATION.


C51 COMPILATION COMPLETE.  1 WARNING(S),  0 ERROR(S)
