C51 COMPILER V9.60.7.0   MAIN                                                              07/01/2024 22:43:15 PAGE 1   


C51 COMPILER V9.60.7.0, COMPILATION OF MODULE MAIN
OBJECT MODULE PLACED IN .\Objects\main.obj
COMPILER INVOKED BY: D:\study\embedded\program\c51\C51\BIN\C51.EXE main.c OPTIMIZE(8,SPEED) BROWSE DEBUG OBJECTEXTEND PR
                    -INT(.\Listings\main.lst) OBJECT(.\Objects\main.obj)

line level    source

   1          #include <REGX52.H>
   2          #include "LCD1602.h"
   3          #include "Timer0.h"
   4          #include "key.h"
   5          
   6          unsigned char sec=0, min=0, hour=0;  // 初始时间定义
   7          unsigned char keyNum;
   8          
   9          void main(){
  10   1              LCD_Init();
  11   1              Timer0_Init();
  12   1              
  13   1              LCD_ShowString(1, 1, "Clock:");
  14   1              LCD_ShowString(2, 3, ":  :");
  15   1              LCD_ShowString(1, 15, "EN");
  16   1              
  17   1              while(1) {
  18   2                      // 实时显示时间
  19   2                      LCD_ShowNum(2, 1, hour, 2);
  20   2                      LCD_ShowNum(2, 4, min, 2);
  21   2                      LCD_ShowNum(2, 7, sec, 2);
  22   2                      keyNum = Key();
  23   2                      // 点击按钮，控制暂停和继续
  24   2                      switch (keyNum){
  25   3                              case 1:
  26   3                                      TR0 = ~TR0;
  27   3                                      LCD_ShowNum(2, 16, TR0, 1);
  28   3                                      break;
  29   3                              case 2:
  30   3                                      sec=0; min=0; hour=0;
  31   3                                      break;
  32   3                              default:
  33   3                                      break;
  34   3                      }
  35   2              }
  36   1      }       
  37          
  38          void Timer0_Routine(void) interrupt 1{
  39   1              // 这里一毫秒跳转到中断
  40   1              static unsigned int T0Count;  // 使用static，函数执行结束不清零，静态局部变量
  41   1              
  42   1              // 重置一毫秒
  43   1              TL0 = 0x66;                             //设置定时初始值
  44   1              TH0 = 0xFC;                             //设置定时初始值
  45   1              T0Count++;
  46   1              
  47   1              // 一秒
  48   1              if (T0Count >= 1000){
  49   2                      T0Count = 0;
  50   2                      sec++;
  51   2                      if (sec >= 60) {sec=0; min++;}
  52   2                      if (min >= 60) {min=0; hour++;}
  53   2                      if (hour >= 24) {hour=0;}
  54   2              }
C51 COMPILER V9.60.7.0   MAIN                                                              07/01/2024 22:43:15 PAGE 2   

  55   1      }  


MODULE INFORMATION:   STATIC OVERLAYABLE
   CODE SIZE        =    206    ----
   CONSTANT SIZE    =     15    ----
   XDATA SIZE       =   ----    ----
   PDATA SIZE       =   ----    ----
   DATA SIZE        =      6    ----
   IDATA SIZE       =   ----    ----
   BIT SIZE         =   ----    ----
END OF MODULE INFORMATION.


C51 COMPILATION COMPLETE.  0 WARNING(S),  0 ERROR(S)
