C51 COMPILER V9.60.7.0   TIMER0                                                            07/01/2024 22:36:23 PAGE 1   


C51 COMPILER V9.60.7.0, COMPILATION OF MODULE TIMER0
OBJECT MODULE PLACED IN .\Objects\Timer0.obj
COMPILER INVOKED BY: D:\study\embedded\program\c51\C51\BIN\C51.EXE Timer0.c OPTIMIZE(8,SPEED) BROWSE DEBUG OBJECTEXTEND 
                    -PRINT(.\Listings\Timer0.lst) OBJECT(.\Objects\Timer0.obj)

line level    source

   1          #include <REGX52.H>
   2          
   3          /*
   4              *  @brief  定时器0初始化，1毫秒 @11.0592
   5              *  @param  无
   6              *  @retval  无
   7          */
   8          void Timer0_Init(void)          //1毫秒@11.0592MHz
   9          {
  10   1              // AUXR &= 0x7F;                        //定时器时钟12T模式
  11   1              TMOD &= 0xF0;                   //设置定时器模式
  12   1              TMOD |= 0x01;                   //设置定时器模式
  13   1              TL0 = 0x66;                             //设置定时初始值
  14   1              TH0 = 0xFC;                             //设置定时初始值
  15   1              TF0 = 0;                                //清除TF0标志
  16   1              TR0 = 1;                                //定时器0开始计时
  17   1              
  18   1              // 手动添加 配置中断
  19   1              ET0 = 1;
  20   1              EA = 1;
  21   1              PT0 = 0;
  22   1      }
  23          
  24          /*
  25          // 定时器0的中断函数模板
  26          void Timer0_Routine(void) interrupt 1{
  27                  // 这里一毫秒跳转到中断
  28                  static unsigned int T0Count;  // 使用static，函数执行结束不清零，静态局部变量
  29                  
  30                  // 重置一毫秒
  31                  TL0 = 0x66;                             //设置定时初始值
  32                  TH0 = 0xFC;                             //设置定时初始值
  33                  T0Count++;
  34                  
  35                  // 一秒
  36                  if (T0Count >= 1000){
  37                          T0Count = 0;
  38                          P2_0 = ~P2_0;
  39                  }
  40          }  
  41          */


MODULE INFORMATION:   STATIC OVERLAYABLE
   CODE SIZE        =     23    ----
   CONSTANT SIZE    =   ----    ----
   XDATA SIZE       =   ----    ----
   PDATA SIZE       =   ----    ----
   DATA SIZE        =   ----    ----
   IDATA SIZE       =   ----    ----
   BIT SIZE         =   ----    ----
END OF MODULE INFORMATION.


C51 COMPILATION COMPLETE.  0 WARNING(S),  0 ERROR(S)
