C51 COMPILER V9.60.7.0   MAIN                                                              07/03/2024 00:02:43 PAGE 1   


C51 COMPILER V9.60.7.0, COMPILATION OF MODULE MAIN
OBJECT MODULE PLACED IN .\Objects\main.obj
COMPILER INVOKED BY: D:\study\embedded\program\c51\C51\BIN\C51.EXE main.c OPTIMIZE(8,SPEED) BROWSE DEBUG OBJECTEXTEND PR
                    -INT(.\Listings\main.lst) OBJECT(.\Objects\main.obj)

line level    source

   1          #include <REGX52.H>
   2          #include "MatrixLED.h"
   3          #include "Delay.h"
   4          
   5          unsigned char plot_data[] = {0x3c, 0x42, 0xA9, 0x85, 0x85, 0xA9, 0x42, 0x3c};  // 这里是笑脸
   6          
   7          void main(){
   8   1              unsigned char i;
   9   1              MatrixLED_Init();
  10   1              
  11   1              while (1){
  12   2                      for (i=0; i<8; ++i){
  13   3                              // 这里按照列进行扫描
  14   3                              MatrixLED_ShowColumn(i, plot_data[i]);  // 显示
  15   3                      }
  16   2              }
  17   1      }


MODULE INFORMATION:   STATIC OVERLAYABLE
   CODE SIZE        =     31    ----
   CONSTANT SIZE    =   ----    ----
   XDATA SIZE       =   ----    ----
   PDATA SIZE       =   ----    ----
   DATA SIZE        =      8       1
   IDATA SIZE       =   ----    ----
   BIT SIZE         =   ----    ----
END OF MODULE INFORMATION.


C51 COMPILATION COMPLETE.  0 WARNING(S),  0 ERROR(S)
