C51 COMPILER V9.60.7.0   MAIN                                                              06/26/2024 14:12:13 PAGE 1   


C51 COMPILER V9.60.7.0, COMPILATION OF MODULE MAIN
OBJECT MODULE PLACED IN .\Objects\main.obj
COMPILER INVOKED BY: D:\study\embedded\program\c51\C51\BIN\C51.EXE main.c OPTIMIZE(8,SPEED) BROWSE DEBUG OBJECTEXTEND PR
                    -INT(.\Listings\main.lst) OBJECT(.\Objects\main.obj)

line level    source

   1          #include <REGX52.H>
   2          // 自定义延迟函数
   3          #include <INTRINS.H>
   4          
   5          // 自定义延迟函数，延迟指定时间
   6          void Delay(unsigned int times)  //@11.0592MHz
   7          {
   8   1              unsigned char data i, j;
   9   1              
  10   1              while(times--){
  11   2                      _nop_();
  12   2                      i = 2;
  13   2                      j = 199;
  14   2                      do
  15   2                      {
  16   3                              while (--j);
  17   3                      } while (--i);
  18   2              }
  19   1      }
  20          
  21          void main(){
  22   1              unsigned char LEDNum=0;
  23   1              P2 = ~0x01;
  24   1              
  25   1              while(1){
  26   2                      // 按键左移
  27   2                      if (P3_1 == 0){
  28   3                              Delay(20);
  29   3                              while(P3_1==0){
  30   4                              }  // 检测松手
  31   3                              Delay(20);
  32   3                              LEDNum++;
  33   3                              if (LEDNum>=8){
  34   4                                      LEDNum = 0;
  35   4                              }
  36   3                              P2 = ~(0x01 << LEDNum);
  37   3                      }
  38   2                      // 按键右移
  39   2                      if (P3_0 == 0){
  40   3                              Delay(20);
  41   3                              while(P3_0==0){
  42   4                              }  // 检测松手
  43   3                              Delay(20);
  44   3                              
  45   3                              if (LEDNum==0)  LEDNum=7;
  46   3                              else LEDNum--;
  47   3                              P2 = ~(0x01 << LEDNum);
  48   3                      }
  49   2              }
  50   1      }


MODULE INFORMATION:   STATIC OVERLAYABLE
   CODE SIZE        =    102    ----
C51 COMPILER V9.60.7.0   MAIN                                                              06/26/2024 14:12:13 PAGE 2   

   CONSTANT SIZE    =   ----    ----
   XDATA SIZE       =   ----    ----
   PDATA SIZE       =   ----    ----
   DATA SIZE        =   ----    ----
   IDATA SIZE       =   ----    ----
   BIT SIZE         =   ----    ----
END OF MODULE INFORMATION.


C51 COMPILATION COMPLETE.  0 WARNING(S),  0 ERROR(S)
