C51 COMPILER V9.60.7.0   MAIN                                                              06/26/2024 23:58:24 PAGE 1   


C51 COMPILER V9.60.7.0, COMPILATION OF MODULE MAIN
OBJECT MODULE PLACED IN .\Objects\main.obj
COMPILER INVOKED BY: D:\study\embedded\program\c51\C51\BIN\C51.EXE main.c OPTIMIZE(8,SPEED) BROWSE DEBUG OBJECTEXTEND PR
                    -INT(.\Listings\main.lst) OBJECT(.\Objects\main.obj)

line level    source

   1          #include <REGX52.H>
   2          #include "LCD1602.h"
   3          #include "Matrixkey.h"
   4          
   5          unsigned char keyNum;
   6          
   7          void main(){
   8   1              LCD_Init();
   9   1              LCD_ShowString(1, 1, "MATRIX_KEY");
  10   1              
  11   1              while(1){
  12   2                      // 这里获取按键的值，然后进行显示
  13   2                      keyNum = matrix_key_scan();
  14   2                      if(keyNum){
  15   3                              LCD_ShowNum(2, 1, keyNum, 2);
  16   3                      }
  17   2              }
  18   1      }


MODULE INFORMATION:   STATIC OVERLAYABLE
   CODE SIZE        =     40    ----
   CONSTANT SIZE    =     11    ----
   XDATA SIZE       =   ----    ----
   PDATA SIZE       =   ----    ----
   DATA SIZE        =      1    ----
   IDATA SIZE       =   ----    ----
   BIT SIZE         =   ----    ----
END OF MODULE INFORMATION.


C51 COMPILATION COMPLETE.  0 WARNING(S),  0 ERROR(S)
