C51 COMPILER V9.60.7.0   MAIN                                                              06/26/2024 17:38:26 PAGE 1   


C51 COMPILER V9.60.7.0, COMPILATION OF MODULE MAIN
OBJECT MODULE PLACED IN .\Objects\main.obj
COMPILER INVOKED BY: D:\study\embedded\program\c51\C51\BIN\C51.EXE main.c OPTIMIZE(8,SPEED) BROWSE DEBUG OBJECTEXTEND PR
                    -INT(.\Listings\main.lst) OBJECT(.\Objects\main.obj)

line level    source

   1          #include <REGX52.H>
   2          #include <INTRINS.H>
   3          
   4          // 数码管显示的数字
   5          unsigned char NixieTable[] = {0x3F, 0x06, 0x5B, 0x4F, 0x66, 0x6D, 0x7D, 0x07, 0x7F, 0x6F};
   6          
   7          void Delay(unsigned int times);
   8          
   9          void Nixie(unsigned char Location, Number){
  10   1              switch(Location){
  11   2                      case 1: P2_4=1, P2_3=1; P2_2=1; break;
  12   2                      case 2: P2_4=1, P2_3=1; P2_2=0; break;
  13   2                      case 3: P2_4=1, P2_3=0; P2_2=1; break;
  14   2                      case 4: P2_4=1, P2_3=0; P2_2=0; break;
  15   2                      case 5: P2_4=0, P2_3=1; P2_2=1; break;
  16   2                      case 6: P2_4=0, P2_3=1; P2_2=0; break;
  17   2                      case 7: P2_4=0, P2_3=0; P2_2=1; break;
  18   2                      case 8: P2_4=0, P2_3=0; P2_2=0; break;
  19   2              }
  20   1              P0 = NixieTable[Number];
  21   1              // 这里进行消隐
  22   1              Delay(1);
  23   1              P0 = 0x00;
  24   1      }
  25          
  26          void Delay(unsigned int times)  //@11.0592MHz
  27          {
  28   1              unsigned char data i, j;
  29   1              
  30   1              while(times--){
  31   2                      _nop_();
  32   2                      i = 2;
  33   2                      j = 199;
  34   2                      do
  35   2                      {
  36   3                              while (--j);
  37   3                      } while (--i);
  38   2              }
  39   1      }
  40          
  41          void main(){
  42   1              while(1){
  43   2                      Nixie(1, 1);
  44   2                      // Delay(1);
  45   2                      Nixie(2, 2);
  46   2                      // Delay(1);
  47   2                      Nixie(3, 3);
  48   2                      // Delay(1);
  49   2                      Nixie(4, 4);
  50   2                      Nixie(5, 5);
  51   2                      Nixie(6, 6);
  52   2                      Nixie(7, 7);
  53   2                      Nixie(8, 8);    
  54   2              }
C51 COMPILER V9.60.7.0   MAIN                                                              06/26/2024 17:38:26 PAGE 2   

  55   1      
  56   1      }


MODULE INFORMATION:   STATIC OVERLAYABLE
   CODE SIZE        =    205    ----
   CONSTANT SIZE    =   ----    ----
   XDATA SIZE       =   ----    ----
   PDATA SIZE       =   ----    ----
   DATA SIZE        =     10    ----
   IDATA SIZE       =   ----    ----
   BIT SIZE         =   ----    ----
END OF MODULE INFORMATION.


C51 COMPILATION COMPLETE.  0 WARNING(S),  0 ERROR(S)
