C51 COMPILER V9.60.7.0   MAIN                                                              06/26/2024 22:47:30 PAGE 1   


C51 COMPILER V9.60.7.0, COMPILATION OF MODULE MAIN
OBJECT MODULE PLACED IN .\Objects\main.obj
COMPILER INVOKED BY: D:\study\embedded\program\c51\C51\BIN\C51.EXE main.c OPTIMIZE(8,SPEED) BROWSE DEBUG OBJECTEXTEND PR
                    -INT(.\Listings\main.lst) OBJECT(.\Objects\main.obj)

line level    source

   1          #include <REGX52.H>
   2          #include "LCD1602.h"
   3          #include "Delay.h"
   4          
   5          void main(){
   6   1              unsigned int results = 0;  // 局部变量定义必须放在第一行
   7   1              LCD_Init();
   8   1      //      LCD_ShowChar(1, 1, 'A');
   9   1              LCD_ShowString(2, 1, "Zei Ni Ma");
  10   1      //      LCD_ShowNum(1, 11, 12345, 5);
  11   1      //      LCD_ShowSignedNum();
  12   1      //      LCD_ShowHexNum();
  13   1      //      LCD_ShowBinNum();
  14   1              while(1){
  15   2                      LCD_ShowNum(1, 1, results, 3);
  16   2                      results++;
  17   2                      Delay(500);
  18   2                      
  19   2                      if (results>60) results = 0;
  20   2              }
  21   1      }


MODULE INFORMATION:   STATIC OVERLAYABLE
   CODE SIZE        =     68    ----
   CONSTANT SIZE    =     10    ----
   XDATA SIZE       =   ----    ----
   PDATA SIZE       =   ----    ----
   DATA SIZE        =   ----       2
   IDATA SIZE       =   ----    ----
   BIT SIZE         =   ----    ----
END OF MODULE INFORMATION.


C51 COMPILATION COMPLETE.  0 WARNING(S),  0 ERROR(S)
