C51 COMPILER V9.60.7.0   MAIN                                                              06/27/2024 11:10:39 PAGE 1   


C51 COMPILER V9.60.7.0, COMPILATION OF MODULE MAIN
OBJECT MODULE PLACED IN .\Objects\main.obj
COMPILER INVOKED BY: D:\study\embedded\program\c51\C51\BIN\C51.EXE main.c OPTIMIZE(8,SPEED) BROWSE DEBUG OBJECTEXTEND PR
                    -INT(.\Listings\main.lst) OBJECT(.\Objects\main.obj)

line level    source

   1          #include <REGX52.H>
   2          #include "LCD1602.h"
   3          #include "Matrixkey.h"
   4          
   5          unsigned char keyNum;
   6          unsigned int password, counts;  // 密码和记数
   7          
   8          void main(){
   9   1              LCD_Init();
  10   1              LCD_ShowString(1, 1, "password");
  11   1              
  12   1              while(1){
  13   2                      keyNum = matrix_key_scan();
  14   2      //              if (keyNum){
  15   2      //                      LCD_ShowNum(2, 1, keyNum, 3);
  16   2      //              }
  17   2                      // 密码输入区域
  18   2                      if (keyNum <= 10 && keyNum > 0){
  19   3                              if (counts < 4){
  20   4                                      password *= 10;
  21   4                                      keyNum %= 10;
  22   4                                      password += keyNum;
  23   4                                      LCD_ShowNum(2, 1, password, 4);
  24   4                                      counts++;
  25   4                              }
  26   3                      }
  27   2                      // 确认密码
  28   2                      if (keyNum == 11){
  29   3                              if (password == 1234){
  30   4                                      LCD_ShowString(1, 14, "OK!");
  31   4                                      counts = 0;
  32   4                                      password = 0;
  33   4                                      LCD_ShowNum(2, 1, password, 4);
  34   4                              }
  35   3                              else {
  36   4                                      LCD_ShowString(1, 14, "ERR");
  37   4                                      counts = 0;
  38   4                                      password = 0;
  39   4                                      LCD_ShowNum(2, 1, password, 4);
  40   4                              }
  41   3                      }
  42   2                      // 清除密码
  43   2                      if (keyNum == 12){
  44   3                              counts = 0;
  45   3                              password = 0;
  46   3                              LCD_ShowNum(2, 1, password, 4);
  47   3                      }
  48   2              }
  49   1      }


MODULE INFORMATION:   STATIC OVERLAYABLE
   CODE SIZE        =    194    ----
   CONSTANT SIZE    =     17    ----
C51 COMPILER V9.60.7.0   MAIN                                                              06/27/2024 11:10:39 PAGE 2   

   XDATA SIZE       =   ----    ----
   PDATA SIZE       =   ----    ----
   DATA SIZE        =      5    ----
   IDATA SIZE       =   ----    ----
   BIT SIZE         =   ----    ----
END OF MODULE INFORMATION.


C51 COMPILATION COMPLETE.  0 WARNING(S),  0 ERROR(S)
