C51 COMPILER V9.60.7.0   MAIN                                                              06/26/2024 12:34:44 PAGE 1   


C51 COMPILER V9.60.7.0, COMPILATION OF MODULE MAIN
OBJECT MODULE PLACED IN .\Objects\main.obj
COMPILER INVOKED BY: D:\study\embedded\program\c51\C51\BIN\C51.EXE main.c OPTIMIZE(8,SPEED) BROWSE DEBUG OBJECTEXTEND PR
                    -INT(.\Listings\main.lst) TABS(2) OBJECT(.\Objects\main.obj)

line level    source

   1          #include <REGX52.H>
   2          #include <INTRINS.H>
   3          
   4          void Delay500ms(void) //@11.0592MHz
   5          {
   6   1        unsigned char data i, j, k;
   7   1      
   8   1        _nop_();
   9   1        i = 4;
  10   1        j = 129;
  11   1        k = 119;
  12   1        do
  13   1        {
  14   2          do
  15   2          {
  16   3            while (--k);
  17   3          } while (--j);
  18   2        } while (--i);
  19   1      }
  20          
  21          
  22          // 自定义延迟函数，延迟指定时间
  23          void Delay(unsigned int times)  //@11.0592MHz
  24          {
  25   1        unsigned char data i, j;
  26   1        
  27   1        while(times){
  28   2          _nop_();
  29   2          i = 2;
  30   2          j = 199;
  31   2          do
  32   2          {
  33   3            while (--j);
  34   3          } while (--i);
  35   2          
  36   2          times--;
  37   2        }
  38   1      }
  39          
  40          
  41          
  42          void main(){
  43   1        unsigned char data i;
  44   1        P2 = 0xFE;  // 1111 1110
  45   1        
  46   1        for (i=0;i<8;i++){
  47   2          Delay(500);
  48   2          P2 = P2 << 1;  // 左移一位后，1111 1100 
  49   2          // 但是最后一位要变成1 1111 1101
  50   2          P2 = P2 | 0x01;  // 1111 1100 | 0000 0001  -- 1111 1101  每次让最后一位补的0变为1
  51   2        }
  52   1      
  53   1      }

C51 COMPILER V9.60.7.0   MAIN                                                              06/26/2024 12:34:44 PAGE 2   


MODULE INFORMATION:   STATIC OVERLAYABLE
   CODE SIZE        =     61    ----
   CONSTANT SIZE    =   ----    ----
   XDATA SIZE       =   ----    ----
   PDATA SIZE       =   ----    ----
   DATA SIZE        =   ----    ----
   IDATA SIZE       =   ----    ----
   BIT SIZE         =   ----    ----
END OF MODULE INFORMATION.


C51 COMPILATION COMPLETE.  0 WARNING(S),  0 ERROR(S)
