C51 COMPILER V9.60.7.0   MAIN                                                              07/03/2024 00:28:47 PAGE 1   


C51 COMPILER V9.60.7.0, COMPILATION OF MODULE MAIN
OBJECT MODULE PLACED IN .\Objects\main.obj
COMPILER INVOKED BY: D:\study\embedded\program\c51\C51\BIN\C51.EXE main.c OPTIMIZE(8,SPEED) BROWSE DEBUG OBJECTEXTEND PR
                    -INT(.\Listings\main.lst) OBJECT(.\Objects\main.obj)

line level    source

   1          #include <REGX52.H>
   2          #include "MatrixLED.h"
   3          #include "Delay.h"
   4          #include "Timer0.h"
   5          
   6          // 数据放在flash中而不是RAM中，这些显示数据一般不需要改变
   7          // 这里显示铁山靠
   8          //unsigned char code Animation[]=
   9          //{
  10          //      0x00,0x00,0x1B,0x3C,0xF8,0xFC,0x3B,0x00,
  11          //      0x00,0x1B,0x3C,0xFC,0xFF,0x3A,0x00,0x00,
  12          //      0x00,0x00,0x0B,0x1C,0x7C,0x7E,0x1B,0x00,
  13          //      0x00,0x1B,0x3C,0xFC,0xFF,0x3A,0x00,0x00,
  14          //};
  15          
  16          unsigned char code DH[]=
  17                  {
  18                          0x00,0x0E,0x1B,0x7F,0x7F,0x1B,0x0E,0x00,
  19                          0x00,0x04,0x0C,0x18,0x7F,0x7F,0x1B,0x0E,
  20                          0x00,0x08,0x0C,0x05,0x7F,0x7F,0x1E,0x0C,
  21                          0xC0,0x00,0x41,0x22,0x1A,0x7C,0x7D,0x1A,
  22                          0x00,0x60,0x61,0x12,0x0A,0x7E,0x7F,0x08,
  23                          0x00,0x06,0x0E,0x08,0x0B,0x3E,0x3E,0x0B,
  24                          0x00,0x03,0x0B,0x08,0x0B,0x3E,0x3E,0x0B,
  25                          0x00,0x06,0x0E,0x08,0x09,0x3F,0x3E,0x0B,
  26                          0x00,0x0E,0x13,0x7E,0x7E,0x1F,0x0E,0x00,
  27                          0x08,0x13,0x7E,0x7E,0x12,0x1D,0x0C,0x00,
  28                          0x09,0x12,0x7E,0x7F,0x10,0x13,0x03,0x00,
  29                          0x09,0x12,0x7E,0x7F,0x10,0x1C,0x0C,0x00,
  30                          0x00,0x0C,0x15,0x7E,0x7E,0x17,0x0E,0x00,
  31                          0x00,0x30,0x38,0x0D,0x7E,0x7F,0x1D,0x08,
  32                          0xC0,0xC0,0x30,0x1B,0x7C,0x7F,0x08,0x00,
  33                          0x00,0x00,0x37,0xF8,0xFA,0x34,0x00,0x00,
  34                          0x00,0x00,0x1B,0x7C,0x7C,0x1A,0x01,0x00,
  35                          0x00,0x00,0x09,0x1E,0x7C,0x7F,0x18,0x00,
  36                          0x00,0x00,0x1B,0x7C,0x7C,0x1B,0x00,0x00,
  37                          0x00,0x00,0x09,0x1E,0x7C,0x7F,0x18,0x00,
  38                          0x00,0x00,0x1B,0x7C,0x7C,0x1B,0x00,0x00,
  39                          0x08,0x10,0x16,0x7C,0x7F,0x10,0x08,0x00,
  40                          0x00,0x10,0x13,0x7C,0x7E,0x18,0x00,0x00,
  41                          0x00,0x08,0x13,0x7C,0x7F,0x10,0x10,0x00,
  42                          0x00,0x08,0x12,0xFC,0xFD,0x3A,0x00,0x00,
  43                          0x00,0x08,0x12,0xFC,0xFC,0x22,0x10,0x00,
  44                          0x00,0x00,0x61,0x12,0x7C,0x7F,0x10,0x60,
  45                          0x00,0x00,0x20,0x11,0x12,0x7C,0x7E,0x19,
  46                          0x00,0x00,0x00,0x31,0x0A,0x7C,0x7E,0x0D,
  47                          0x00,0x00,0x20,0x11,0x12,0x7C,0x7E,0x19,
  48                          0x00,0x00,0x00,0x31,0x0A,0x7C,0x7E,0x0D,
  49                          0x00,0x00,0x20,0x11,0x12,0x7C,0x7E,0x19,
  50                          0x00,0x00,0x00,0x31,0x0A,0x7C,0x7E,0x0D,
  51                          0x00,0x00,0x20,0x11,0x12,0x7C,0x7E,0x19,
  52                          0x00,0x00,0x00,0x31,0x0A,0x7C,0x7E,0x0D,
  53                  };
  54          
C51 COMPILER V9.60.7.0   MAIN                                                              07/03/2024 00:28:47 PAGE 2   

  55          
  56          unsigned char offset = 0;
  57          
  58          // 这里添加定时器动态显示
  59          void main(){
  60   1              unsigned char i;
  61   1              MatrixLED_Init();  // LED矩阵
  62   1              Timer0_Init();  // 初始化定时器0
  63   1              
  64   1              while (1){
  65   2                      for (i=0; i<8; ++i){
  66   3                              // 这里按照列进行扫描
  67   3                              MatrixLED_ShowColumn(i, DH[i+offset]);  // 显示
  68   3                      }
  69   2              }
  70   1      }
  71          
  72          void Timer0_Routine(void) interrupt 1{
  73   1              // 这里一毫秒跳转到中断
  74   1              static unsigned int T0Count;  // 使用static，函数执行结束不清零，静态局部变量
  75   1              
  76   1              // 重置一毫秒
  77   1              TL0 = 0x66;                             //设置定时初始值
  78   1              TH0 = 0xFC;                             //设置定时初始值
  79   1              T0Count++;
  80   1              
  81   1              // 一秒
  82   1              if (T0Count >= 150){
  83   2                      T0Count = 0;
  84   2                      offset+=8;
  85   2                      if (offset > 227) offset = 0;
  86   2              }
  87   1      }  


MODULE INFORMATION:   STATIC OVERLAYABLE
   CODE SIZE        =    100    ----
   CONSTANT SIZE    =    280    ----
   XDATA SIZE       =   ----    ----
   PDATA SIZE       =   ----    ----
   DATA SIZE        =      3       1
   IDATA SIZE       =   ----    ----
   BIT SIZE         =   ----    ----
END OF MODULE INFORMATION.


C51 COMPILATION COMPLETE.  0 WARNING(S),  0 ERROR(S)
