C51 COMPILER V9.60.7.0   MATRIXLED                                                         07/03/2024 00:05:17 PAGE 1   


C51 COMPILER V9.60.7.0, COMPILATION OF MODULE MATRIXLED
OBJECT MODULE PLACED IN .\Objects\MatrixLED.obj
COMPILER INVOKED BY: D:\study\embedded\program\c51\C51\BIN\C51.EXE MatrixLED.c OPTIMIZE(8,SPEED) BROWSE DEBUG OBJECTEXTE
                    -ND PRINT(.\Listings\MatrixLED.lst) OBJECT(.\Objects\MatrixLED.obj)

line level    source

   1          #include <REGX52.H>
   2          #include "Delay.h"
   3          
   4          // 定义某一位
   5          sbit RCK = P3^5;
   6          sbit SCK = P3^6;
   7          sbit SER = P3^4;
   8          
   9          #define MATRIX_LED_PORT P0
  10          
  11          void MatrixLED_Init(void){
  12   1              RCK = 0;
  13   1              SCK = 0;
  14   1      }
  15          
  16          /*
  17              *  @brief  74HC595写入一个字节数据
  18              *  @param  Byte为要写入的数据
  19              *  @retval 
  20          */
  21          void _74HC595_WriteByte(unsigned char Byte){
  22   1              unsigned char i = 0;
  23   1              for (i=0; i<8; i++){  // 循环移位，移八次，这样就可以写入数据
  24   2                      SER = Byte&(0x80>>i);
  25   2                      SCK = 1;
  26   2                      SCK = 0;
  27   2              }
  28   1              // 最后送出八位数据
  29   1              RCK = 1;
  30   1              RCK = 0;
  31   1      }
  32          
  33          /*
  34              *  @brief  LED点阵显示一列数据，显示指定列的数据
  35                  *  @param  指定要选择的列，范围为0~8， Data为要显示的数据，高位在上
  36              *  @retval 
  37          */
  38          void MatrixLED_ShowColumn(unsigned char Column, Data){
  39   1              _74HC595_WriteByte(Data);  // 选中指定的行
  40   1              // 段选，位选，延时，位清零
  41   1              MATRIX_LED_PORT = ~(0x80 >> Column);  // 选中指定的列  未选
  42   1              Delay(1);  // 延迟
  43   1              MATRIX_LED_PORT = 0xFF;  // 位清零
  44   1      }


MODULE INFORMATION:   STATIC OVERLAYABLE
   CODE SIZE        =     84    ----
   CONSTANT SIZE    =   ----    ----
   XDATA SIZE       =   ----    ----
   PDATA SIZE       =   ----    ----
   DATA SIZE        =   ----    ----
   IDATA SIZE       =   ----    ----
   BIT SIZE         =   ----    ----
C51 COMPILER V9.60.7.0   MATRIXLED                                                         07/03/2024 00:05:17 PAGE 2   

END OF MODULE INFORMATION.


C51 COMPILATION COMPLETE.  0 WARNING(S),  0 ERROR(S)
