C51 COMPILER V9.60.7.0   MAIN                                                              06/26/2024 13:40:37 PAGE 1   


C51 COMPILER V9.60.7.0, COMPILATION OF MODULE MAIN
OBJECT MODULE PLACED IN main.OBJ
COMPILER INVOKED BY: D:\study\embedded\program\c51\C51\BIN\C51.EXE main.c OPTIMIZE(8,SPEED) DEBUG OBJECTEXTEND PRINT(.\L
                    -istings\main.lst) TABS(2)

line level    source

   1          #include <REGX52.H>
   2          // 自定义延迟函数
   3          #include <INTRINS.H>
   4          
   5          // 自定义延迟函数，延迟指定时间
   6          void Delay(unsigned int times)  //@11.0592MHz
   7          {
   8   1        unsigned char data i, j;
   9   1        
  10   1        while(times){
  11   2          _nop_();
  12   2          i = 2;
  13   2          j = 199;
  14   2          do
  15   2          {
  16   3            while (--j);
  17   3          } while (--i);
  18   2          
  19   2          times--;
  20   2        }
  21   1      }
  22          // 这里要注意按键的抖动，干扰按键的抖动
  23          /*
  24            按键消抖
  25          
  26          */
  27          
  28          void main(){
  29   1        unsigned int flag = 0;
  30   1        
  31   1        while(1){
  32   2          if (P3_1==0){
  33   3            Delay(20);  // 按键抖动
  34   3            while(P3_1==0){}  // 低电平位置
  35   3            Delay(20);  // 按键抖动
  36   3              
  37   3            P2_0 = ~P2_0;
  38   3          }
  39   2        }
  40   1      }
  41              
  42          //    if (P3_3 == 0){
  43          //      flag = ~flag;
  44          //    }
  45          //    if (flag){
  46          //      P2_0 = 0;
  47          //    }
  48          //    else P2_0 = 1;
  49          //  }


MODULE INFORMATION:   STATIC OVERLAYABLE
   CODE SIZE        =     50    ----
   CONSTANT SIZE    =   ----    ----
C51 COMPILER V9.60.7.0   MAIN                                                              06/26/2024 13:40:37 PAGE 2   

   XDATA SIZE       =   ----    ----
   PDATA SIZE       =   ----    ----
   DATA SIZE        =   ----       2
   IDATA SIZE       =   ----    ----
   BIT SIZE         =   ----    ----
END OF MODULE INFORMATION.


C51 COMPILATION COMPLETE.  0 WARNING(S),  0 ERROR(S)
