C51 COMPILER V9.60.7.0   MAIN                                                              06/26/2024 17:02:06 PAGE 1   


C51 COMPILER V9.60.7.0, COMPILATION OF MODULE MAIN
OBJECT MODULE PLACED IN .\Objects\main.obj
COMPILER INVOKED BY: D:\study\embedded\program\c51\C51\BIN\C51.EXE main.c OPTIMIZE(8,SPEED) BROWSE DEBUG OBJECTEXTEND PR
                    -INT(.\Listings\main.lst) OBJECT(.\Objects\main.obj)

line level    source

   1          #include <REGX52.H>
   2          // 自定义延迟函数
   3          #include <INTRINS.H>
   4          
   5          unsigned char NixieTable[] = {0x3F, 0x06, 0x5B, 0x4F, 0x66, 0x6D, 0x7D, 0x07, 0x7F, 0x6F};
   6          
   7          // 自定义延迟函数，延迟指定时间
   8          void Delay(unsigned int times)  //@11.0592MHz
   9          {
  10   1              unsigned char data i, j;
  11   1              
  12   1              while(times--){
  13   2                      _nop_();
  14   2                      i = 2;
  15   2                      j = 199;
  16   2                      do
  17   2                      {
  18   3                              while (--j);
  19   3                      } while (--i);
  20   2              }
  21   1      }
  22          
  23          
  24          
  25          // 设置当前选择的数码管以及数码管显示的数字
  26          void Nixie(unsigned char Location, Number){
  27   1              switch(Location){
  28   2                      case 1: P2_4=1, P2_3=1; P2_2=1; break;
  29   2                      case 2: P2_4=1, P2_3=1; P2_2=0; break;
  30   2                      case 3: P2_4=1, P2_3=0; P2_2=1; break;
  31   2                      case 4: P2_4=1, P2_3=0; P2_2=0; break;
  32   2                      case 5: P2_4=0, P2_3=1; P2_2=1; break;
  33   2                      case 6: P2_4=0, P2_3=1; P2_2=0; break;
  34   2                      case 7: P2_4=0, P2_3=0; P2_2=1; break;
  35   2                      case 8: P2_4=0, P2_3=0; P2_2=0; break;
  36   2              }
  37   1              P0 = NixieTable[Number];
  38   1      }
  39          
  40          
  41          
  42          void main(){
  43   1              // 选择指定的数码管
  44   1              Nixie(8, 1);    
  45   1              while(1){}
  46   1      }


MODULE INFORMATION:   STATIC OVERLAYABLE
   CODE SIZE        =    132    ----
   CONSTANT SIZE    =   ----    ----
   XDATA SIZE       =   ----    ----
   PDATA SIZE       =   ----    ----
   DATA SIZE        =     10    ----
C51 COMPILER V9.60.7.0   MAIN                                                              06/26/2024 17:02:06 PAGE 2   

   IDATA SIZE       =   ----    ----
   BIT SIZE         =   ----    ----
END OF MODULE INFORMATION.


C51 COMPILATION COMPLETE.  0 WARNING(S),  0 ERROR(S)
