C51 COMPILER V9.60.7.0   MAIN                                                              07/02/2024 18:27:28 PAGE 1   


C51 COMPILER V9.60.7.0, COMPILATION OF MODULE MAIN
OBJECT MODULE PLACED IN .\Objects\main.obj
COMPILER INVOKED BY: D:\study\embedded\program\c51\C51\BIN\C51.EXE main.c OPTIMIZE(8,SPEED) BROWSE DEBUG OBJECTEXTEND PR
                    -INT(.\Listings\main.lst) OBJECT(.\Objects\main.obj)

line level    source

   1          /**************************************************************************************
   2          深圳市普中科技有限公司（PRECHIN 普中）
   3          技术支持：www.prechin.net
   4          PRECHIN
   5           普中
   6          
   7          实验名称：LED点阵实验(点亮一个点)
   8          接线说明： 
   9          实验现象：下载程序后，8*8LED点阵点亮左上角第一个点
  10          注意事项：LED点阵旁的J24黄色跳线帽短接到GND一端                                                                                                                                                                
  11          ***************************************************************************************/
  12          #include "reg51.h"
  13          
  14          typedef unsigned int u16;       //对系统默认数据类型进行重定义
  15          typedef unsigned char u8;
  16          
  17          //定义74HC595控制管脚
  18          sbit SRCLK=P3^6;        //移位寄存器时钟输入
  19          sbit RCLK=P3^5;         //存储寄存器时钟输入
  20          sbit SER=P3^4;          //串行数据输入
  21          
  22          #define LEDDZ_COL_PORT  P0      //点阵列控制端口
  23          
  24          
  25          /*******************************************************************************
  26          * 函 数 名       : delay_10us
  27          * 函数功能           : 延时函数，ten_us=1时，大约延时10us
  28          * 输    入       : ten_us
  29          * 输    出             : 无
  30          *******************************************************************************/
  31          void delay_10us(u16 ten_us)
  32          {
  33   1              while(ten_us--);        
  34   1      }
  35          
  36          /*******************************************************************************
  37          * 函 数 名         : hc595_write_data(u8 dat)
  38          * 函数功能             : 向74HC595写入一个字节的数据
  39          * 输    入         : dat：数据
  40          * 输    出         : 无
  41          *******************************************************************************/
  42          void hc595_write_data(u8 dat)
  43          {
  44   1              u8 i=0;
  45   1              
  46   1              for(i=0;i<8;i++)//循环8次即可将一个字节写入寄存器中
  47   1              {
  48   2                      SER=dat>>7;//优先传输一个字节中的高位
  49   2                      dat<<=1;//将低位移动到高位
  50   2                      SRCLK=0;
  51   2                      delay_10us(1);
  52   2                      SRCLK=1;
  53   2                      delay_10us(1);//移位寄存器时钟上升沿将端口数据送入寄存器中 
  54   2              }
C51 COMPILER V9.60.7.0   MAIN                                                              07/02/2024 18:27:28 PAGE 2   

  55   1              RCLK=1;
  56   1              delay_10us(1);
  57   1              RCLK=0;//存储寄存器时钟上升沿将前面写入到寄存器的数据输出       
  58   1      }
  59          
  60          
  61          /*******************************************************************************
  62          * 函 数 名       : main
  63          * 函数功能           : 主函数
  64          * 输    入       : 无
  65          * 输    出             : 无
  66          *******************************************************************************/
  67          void main()
  68          {       
  69   1              u8 i=0;
  70   1      
  71   1              LEDDZ_COL_PORT=0x7f;//将LED点阵左边第一列设置为0，即LED阴极为低电平，其余列为1，
             -即高电平
  72   1              while(1)
  73   1              {                       
  74   2                      hc595_write_data(0x80);//将LED点阵上边第一行设置为1，即LED阳极为高电平，其余行为
             -0，即低电平                                                              
  75   2              }               
  76   1      }


MODULE INFORMATION:   STATIC OVERLAYABLE
   CODE SIZE        =     69    ----
   CONSTANT SIZE    =   ----    ----
   XDATA SIZE       =   ----    ----
   PDATA SIZE       =   ----    ----
   DATA SIZE        =   ----       1
   IDATA SIZE       =   ----    ----
   BIT SIZE         =   ----    ----
END OF MODULE INFORMATION.


C51 COMPILATION COMPLETE.  0 WARNING(S),  0 ERROR(S)
