C51 COMPILER V9.60.7.0   MAIN                                                              07/02/2024 00:59:39 PAGE 1   


C51 COMPILER V9.60.7.0, COMPILATION OF MODULE MAIN
OBJECT MODULE PLACED IN .\Objects\main.obj
COMPILER INVOKED BY: D:\study\embedded\program\c51\C51\BIN\C51.EXE main.c OPTIMIZE(8,SPEED) BROWSE DEBUG OBJECTEXTEND PR
                    -INT(.\Listings\main.lst) OBJECT(.\Objects\main.obj)

line level    source

   1          #include <REGX52.H>
   2          #include "UART.h"
   3          
   4          void main(){
   5   1              P2 = 0xFF;
   6   1              Uart1_Init();
   7   1              while(1){}
   8   1      
   9   1      }
  10          
  11          // 中断服务子函数，中断号4产生后，进入中断函数
  12          void UART_Rountine(void) interrupt 4{
  13   1              // 区分发送中断
  14   1              if (RI == 1){
  15   2                      P2 = SBUF;  // 接受中断，读取接受数据
  16   2                      RI = 0;  // 需要软件置位
  17   2                      
  18   2                      // 同时将数据发送回电脑端
  19   2                      Uart_SendByte(SBUF);
  20   2              }
  21   1      }


MODULE INFORMATION:   STATIC OVERLAYABLE
   CODE SIZE        =     77    ----
   CONSTANT SIZE    =   ----    ----
   XDATA SIZE       =   ----    ----
   PDATA SIZE       =   ----    ----
   DATA SIZE        =   ----    ----
   IDATA SIZE       =   ----    ----
   BIT SIZE         =   ----    ----
END OF MODULE INFORMATION.


C51 COMPILATION COMPLETE.  0 WARNING(S),  0 ERROR(S)
