C51 COMPILER V9.60.7.0   UART                                                              07/02/2024 00:59:40 PAGE 1   


C51 COMPILER V9.60.7.0, COMPILATION OF MODULE UART
OBJECT MODULE PLACED IN .\Objects\UART.obj
COMPILER INVOKED BY: D:\study\embedded\program\c51\C51\BIN\C51.EXE UART.c OPTIMIZE(8,SPEED) BROWSE DEBUG OBJECTEXTEND PR
                    -INT(.\Listings\UART.lst) OBJECT(.\Objects\UART.obj)

line level    source

   1          #include <REGX52.H>
   2          
   3          /*
   4              *  @brief  串口初始化
   5              *  @param
   6              *  @retval 
   7          */
   8          void Uart1_Init(void)   //4800bps@11.0592MHz
   9          {
  10   1              PCON &= 0x7F;           //波特率不倍速
  11   1              SCON = 0x50;            //8位数据,可变波特率，允许接收中断
  12   1              // AUXR &= 0xBF;                //定时器时钟12T模式
  13   1              // AUXR &= 0xFE;                //串口1选择定时器1为波特率发生器
  14   1              TMOD &= 0x0F;           //设置定时器模式
  15   1              TMOD |= 0x20;           //设置定时器模式
  16   1              TL1 = 0xFA;                     //设置定时初始值
  17   1              TH1 = 0xFA;                     //设置定时重载值
  18   1              ET1 = 0;                        //禁止定时器中断
  19   1              TR1 = 1;                        //定时器1开始计时
  20   1              
  21   1              // 启动中断，表示1发送或者接受数据的中断
  22   1              EA = 1;
  23   1              ES = 1;
  24   1      }
  25          
  26          /*
  27              *  @brief  串口发送一个字节数据
  28              *  @param  一个字节的数据
  29              *  @retval 
  30          */
  31          void Uart_SendByte(unsigned char byte){
  32   1              // 单片机发送数据
  33   1              SBUF = byte;
  34   1              while(TI==0){}  // 这里循环的作用用来检测是否发送所有的数据
  35   1              TI = 0;
  36   1      }


MODULE INFORMATION:   STATIC OVERLAYABLE
   CODE SIZE        =     35    ----
   CONSTANT SIZE    =   ----    ----
   XDATA SIZE       =   ----    ----
   PDATA SIZE       =   ----    ----
   DATA SIZE        =   ----    ----
   IDATA SIZE       =   ----    ----
   BIT SIZE         =   ----    ----
END OF MODULE INFORMATION.


C51 COMPILATION COMPLETE.  0 WARNING(S),  0 ERROR(S)
