C51 COMPILER V9.60.7.0   MAIN                                                              06/26/2024 13:51:02 PAGE 1   


C51 COMPILER V9.60.7.0, COMPILATION OF MODULE MAIN
OBJECT MODULE PLACED IN .\Objects\main.obj
COMPILER INVOKED BY: D:\study\embedded\program\c51\C51\BIN\C51.EXE main.c OPTIMIZE(8,SPEED) BROWSE DEBUG OBJECTEXTEND PR
                    -INT(.\Listings\main.lst) TABS(2) OBJECT(.\Objects\main.obj)

line level    source

   1          #include <REGX52.H>
   2          // 自定义延迟函数
   3          #include <INTRINS.H>
   4          
   5          // 自定义延迟函数，延迟指定时间
   6          void Delay(unsigned int times)  //@11.0592MHz
   7          {
   8   1        unsigned char data i, j;
   9   1        
  10   1        while(times--){
  11   2          _nop_();
  12   2          i = 2;
  13   2          j = 199;
  14   2          do
  15   2          {
  16   3            while (--j);
  17   3          } while (--i);
  18   2        }
  19   1      }
  20          
  21          void main(){
  22   1        unsigned char LEDNum=0;
  23   1        
  24   1        while(1){
  25   2          if(P3_1 == 0){
  26   3            Delay(20);
  27   3            while(P3_1==0){
  28   4            }
  29   3            Delay(20);
  30   3            LEDNum++;
  31   3            
  32   3            P2 = ~LEDNum;
  33   3          }
  34   2        }
  35   1      }


MODULE INFORMATION:   STATIC OVERLAYABLE
   CODE SIZE        =     51    ----
   CONSTANT SIZE    =   ----    ----
   XDATA SIZE       =   ----    ----
   PDATA SIZE       =   ----    ----
   DATA SIZE        =   ----    ----
   IDATA SIZE       =   ----    ----
   BIT SIZE         =   ----    ----
END OF MODULE INFORMATION.


C51 COMPILATION COMPLETE.  0 WARNING(S),  0 ERROR(S)
