C51 COMPILER V9.60.7.0   MAIN                                                              06/26/2024 17:52:18 PAGE 1   


C51 COMPILER V9.60.7.0, COMPILATION OF MODULE MAIN
OBJECT MODULE PLACED IN .\Objects\main.obj
COMPILER INVOKED BY: D:\study\embedded\program\c51\C51\BIN\C51.EXE main.c OPTIMIZE(8,SPEED) BROWSE DEBUG OBJECTEXTEND PR
                    -INT(.\Listings\main.lst) OBJECT(.\Objects\main.obj)

line level    source

   1          #include <REGX52.H>
   2          #include "Delay.h"
   3          #include "Nixie.h"
   4          
   5          void main(){
   6   1              while(1){
   7   2                      Nixie(1, 1);
   8   2                      // Delay(1);
   9   2                      Nixie(2, 2);
  10   2                      // Delay(1);
  11   2                      Nixie(3, 3);
  12   2                      // Delay(1);
  13   2                      Nixie(4, 4);
  14   2                      Nixie(5, 5);
  15   2                      Nixie(6, 6);
  16   2                      Nixie(7, 7);
  17   2                      Nixie(8, 8);    
  18   2              }
  19   1      
  20   1      }


MODULE INFORMATION:   STATIC OVERLAYABLE
   CODE SIZE        =     74    ----
   CONSTANT SIZE    =   ----    ----
   XDATA SIZE       =   ----    ----
   PDATA SIZE       =   ----    ----
   DATA SIZE        =   ----    ----
   IDATA SIZE       =   ----    ----
   BIT SIZE         =   ----    ----
END OF MODULE INFORMATION.


C51 COMPILATION COMPLETE.  0 WARNING(S),  0 ERROR(S)
