C51 COMPILER V9.60.7.0   MAIN                                                              07/04/2024 12:20:31 PAGE 1   


C51 COMPILER V9.60.7.0, COMPILATION OF MODULE MAIN
OBJECT MODULE PLACED IN .\Objects\main.obj
COMPILER INVOKED BY: D:\study\embedded\program\c51\C51\BIN\C51.EXE main.c OPTIMIZE(8,SPEED) BROWSE DEBUG OBJECTEXTEND PR
                    -INT(.\Listings\main.lst) OBJECT(.\Objects\main.obj)

line level    source

   1          #include <REGX52.H>
   2          #include "LCD1602.h"
   3          #include "DS1302.h"
   4          
   5          unsigned char second;
   6          
   7          void main(){
   8   1              unsigned char i;
   9   1              LCD_Init();
  10   1              DS1302_Init();
  11   1              DS1302_SetTime();  // 初始化当前时间
  12   1              
  13   1              while(1){
  14   2                      // 读取时间然后进行显示
  15   2                      DS1302_ReadTime();
*** WARNING C206 IN LINE 15 OF main.c: 'DS1302_ReadTime': missing function-prototype
  16   2                      // 第一行显示年月日
  17   2                      for (i=0; i<3; ++i){
  18   3                              LCD_ShowNum(1, 3*i+1, DSl302_Time[i], 2);
  19   3                      }
  20   2                      // 第二行显示时分秒、星期
  21   2                      for (i=0; i<4; ++i){
  22   3                              LCD_ShowNum(2, 3*i+1, DSl302_Time[i+3], 2);
  23   3                      }
  24   2              }
  25   1              
  26   1              
  27   1      }


MODULE INFORMATION:   STATIC OVERLAYABLE
   CODE SIZE        =     88    ----
   CONSTANT SIZE    =   ----    ----
   XDATA SIZE       =   ----    ----
   PDATA SIZE       =   ----    ----
   DATA SIZE        =      1       1
   IDATA SIZE       =   ----    ----
   BIT SIZE         =   ----    ----
END OF MODULE INFORMATION.


C51 COMPILATION COMPLETE.  1 WARNING(S),  0 ERROR(S)
